0   -1.9929956538048101
0   -1.9929956538048101
0   -1.9560564191475018
0   -1.9560564191475
0   -1.8978198828099984
0   -1.8978198828099957
0   -1.8177237593445865
0   -1.817723759344584
0   -1.7164722525087652
0   -1.7164722525087632
0   -1.5952101981962785
0   -1.5952101981962779
0   -1.4553707962639613
0   -1.45537079626396
0   -1.2986338622313889
0   -1.2986338622313847
0   -1.1269133101353224
0   -1.1269133101353204
0   -0.9423690958562128
0   -0.9423690958562126
0   -0.7474823062905541
0   -0.7474823062905519
0   -0.5453713582544606
0   -0.5453713582544594
0   -0.3414145268395018
0   -0.34141452683950013
0   -0.15687395928190231
0   -0.15687395928190154
0   0.15687395928190004
0   0.15687395928190123
0   0.34141452683949947
0   0.34141452683949974
0   0.5453713582544577
0   0.5453713582544581
0   0.7474823062905505
0   0.7474823062905507
0   0.9423690958562115
0   0.9423690958562122
0   1.1269133101353208
0   1.1269133101353213
0   1.2986338622313849
0   1.2986338622313858
0   1.4553707962639606
0   1.4553707962639613
0   1.5952101981962765
0   1.5952101981962772
0   1.7164722525087623
0   1.7164722525087637
0   1.817723759344585
0   1.8177237593445856
0   1.897819882809996
0   1.897819882809997
0   1.9560564191474992
0   1.9560564191475023
0   1.992995653804809
0   1.9929956538048097
