-2.2     2.2186366355003506
-2.185284280936455     2.458671428696751
-2.17056856187291     2.7451761444707055
-2.155852842809365     3.091474166777821
-2.1411371237458194     3.516025635684443
-2.1264214046822745     4.0449119802961935
-2.111705685618729     4.715717631665539
-2.096989966555184     5.583595216252176
-2.082274247491639     6.730481630318278
-2.0675585284280937     8.277703000338242
-2.0528428093645488     10.397202465982238
-2.0381270903010034     13.29637084926718
-2.0234113712374584     17.095631242949285
-2.008695652173913     21.48016569737474
-1.993979933110368     25.41502090434452
-1.9792642140468228     27.932741775147313
-1.9645484949832777     28.997925825813844
-1.9498327759197327     28.74212151305493
-1.9351170568561875     27.718630425471282
-1.9204013377926423     26.99283630038952
-1.9056856187290971     26.592949903788508
-1.890969899665552     25.51798553101046
-1.8762541806020068     23.679525005921615
-1.8615384615384616     22.228287259246702
-1.8468227424749166     21.940031407176722
-1.8321070234113714     22.44002914892267
-1.8173913043478263     22.414814215506667
-1.802675585284281     21.00419357594806
-1.7879598662207359     18.982837008314835
-1.7732441471571907     17.5834023098251
-1.7585284280936455     17.373527554449804
-1.7438127090301005     18.272883174890882
-1.7290969899665554     19.522036968918197
-1.7143812709030102     19.760970234337425
-1.699665551839465     18.34493537513102
-1.6849498327759198     16.216955583473
-1.6702341137123748     14.556275110732878
-1.6555183946488294     13.875613456636472
-1.6408026755852845     14.266627487935349
-1.6260869565217393     15.602397442462916
-1.611371237458194     17.314788340022904
-1.596655518394649     18.167379663269937
-1.5819397993311037     17.217150632984627
-1.5672240802675588     15.103426018314162
-1.5525083612040134     13.084168858764407
-1.5377926421404684     11.804265237263383
-1.5230769230769232     11.401856776735352
-1.508361204013378     11.880205550653026
-1.4936454849498328     13.209511475350743
-1.4789297658862877     15.13431696404017
-1.4642140468227427     16.77513095585953
-1.4494983277591973     16.850939788570482
-1.4347826086956523     15.177790159429362
-1.4200668896321071     12.927711744096763
-1.405351170568562     11.09693171405736
-1.3906354515050168     9.997825703466818
-1.3759197324414716     9.636196337503756
-1.3612040133779266     9.991194049118889
-1.3464882943143812     11.083233395596977
-1.3317725752508363     12.879752692194328
-1.317056856187291     14.979540927802319
-1.3023411371237459     16.280579739804843
-1.2876254180602007     15.709065615966269
-1.2729096989966555     13.676009375289407
-1.2581939799331106     11.451323931525392
-1.2434782608695651     9.764466795145395
-1.2287625418060202     8.755255821686843
-1.214046822742475     8.373520126655551
-1.1993311036789298     8.581901472543931
-1.1846153846153846     9.405464353383792
-1.1698996655518394     10.89807084536895
-1.1551839464882945     12.97452355446245
-1.1404682274247493     15.02947105167518
-1.125752508361204     15.814866938501913
-1.111036789297659     14.64811975383962
-1.0963210702341137     12.411396363327036
-1.0816053511705686     10.284281592500465
-1.0668896321070234     8.751015999641988
-1.0521739130434784     7.839210573505129
-1.0374581939799332     7.470984589805136
-1.022742474916388     7.6015723464791956
-1.0080267558528428     8.250634906482322
-0.9933110367892977     9.489960569772103
-0.9785953177257525     11.359221611450739
-0.9638795986622073     13.600129045194826
-0.9491638795986623     15.269943310642315
-0.9344481605351171     15.160000122629514
-0.919732441471572     13.333773462558487
-0.9050167224080268     11.027141923816615
-0.8903010033444816     9.120859563827587
-0.8755852842809364     7.828392438549662
-0.8608695652173914     7.090815105348124
-0.8461538461538463     6.823284084104271
-0.8314381270903011     6.98947174100157
-0.8167224080267559     7.614858728729607
-0.8020066889632107     8.777899636184111
-0.7872909698996655     10.5517015765857
-0.7725752508361203     12.79472161976315
-0.7578595317725754     14.751780924424033
-0.7431438127090302     15.153800511399007
-0.728428093645485     13.654002862334764
-0.7137123745819398     11.350000283875165
-0.6989966555183946     9.294930599251192
-0.6842809364548494     7.829710078867669
-0.6695652173913043     6.925572836632473
-0.6548494983277593     6.486131360447502
-0.6401337792642141     6.450352811998506
-0.6254180602006689     6.8138396348438155
-0.6107023411371237     7.629601562944087
-0.5959866220735786     8.991843481413536
-0.5812709030100334     10.951512157724636
-0.5665551839464882     13.247836175939973
-0.5518394648829432     14.927495890105938
-0.537123745819398     14.796296822471128
-0.5224080267558529     12.957196391320785
-0.5076923076923077     10.653322318775963
-0.4929765886287625     8.747445065740067
-0.4782608695652173     7.43955197926964
-0.46354515050167233     6.662862130303751
-0.44882943143812715     6.324092767312019
-0.43411371237458196     6.3741782047955065
-0.4193979933110368     6.820847022454197
-0.4046822742474916     7.72744888524002
-0.3899665551839464     9.192116041846425
-0.3752508361204012     11.245723911776233
-0.36053511705685626     13.551122324957712
-0.3458193979933111     15.059250268724725
-0.3311036789297659     14.670231315074057
-0.3163879598662207     12.725223861160998
-0.3016722408026755     10.49568731175466
-0.28695652173913033     8.744170002850959
-0.27224080267558515     7.620133327702658
-0.2575250836120402     7.060372289061363
-0.242809364548495     7.0009034852467344
-0.22809364548494981     7.436361308397224
-0.21337792642140463     8.422611302127567
-0.19866220735785944     10.028937352953005
-0.18394648829431448     12.155016510412658
-0.16923076923076907     14.140884795860766
-0.1545150501672241     14.720756276179133
-0.1397993311036787     13.328911070816327
-0.12508361204013374     10.931486814930535
-0.11036789297658878     8.65401908526437
-0.09565217391304337     6.907632445635626
-0.08093645484949841     5.671215135269179
-0.066220735785953     4.820130703814467
-0.05150501672240804     4.243756900711806
-0.03678929765886263     3.8651521793395496
-0.022073578595317667     3.6356924117867138
-0.007357859531772704     3.5273406743298596
0.007357859531772704     3.5273406743298628
0.022073578595317667     3.635692411786726
0.036789297658863074     3.865152179339584
0.05150501672240804     4.243756900711844
0.06622073578595344     4.820130703814549
0.08093645484949841     5.671215135269269
0.09565217391304337     6.907632445635753
0.11036789297658878     8.654019085264553
0.12508361204013374     10.931486814930752
0.13979933110367915     13.328911070816583
0.1545150501672241     14.720756276179184
0.16923076923076952     14.140884795860586
0.18394648829431448     12.155016510412453
0.19866220735785944     10.02893735295284
0.21337792642140485     8.422611302127432
0.22809364548494981     7.436361308397164
0.24280936454849522     7.000903485246719
0.2575250836120402     7.060372289061392
0.2722408026755856     7.620133327702757
0.28695652173913055     8.744170002851115
0.3016722408026755     10.495687311754846
0.3163879598662209     12.725223861161254
0.3311036789297659     14.670231315074188
0.3458193979933113     15.059250268724663
0.36053511705685626     13.551122324957518
0.37525083612040167     11.245723911775952
0.38996655518394663     9.192116041846242
0.4046822742474916     7.727448885239926
0.419397993311037     6.820847022454143
0.43411371237458196     6.374178204795512
0.44882943143812737     6.324092767312067
0.46354515050167233     6.66286213030385
0.4782608695652173     7.4395519792698
0.4929765886287627     8.747445065740324
0.5076923076923077     10.653322318776269
0.5224080267558531     12.957196391321144
0.537123745819398     14.796296822471293
0.5518394648829434     14.927495890105797
0.5665551839464884     13.247836175939645
0.5812709030100334     10.951512157724338
0.5959866220735788     8.991843481413284
0.6107023411371237     7.629601562943944
0.6254180602006691     6.813839634843736
0.6401337792642141     6.4503528119984965
0.6548494983277595     6.486131360447552
0.6695652173913045     6.925572836632596
0.6842809364548494     7.829710078867862
0.6989966555183948     9.29493059925151
0.7137123745819398     11.350000283875547
0.7284280936454852     13.654002862335153
0.7431438127090302     15.153800511399112
0.7578595317725756     14.75178092442377
0.7725752508361206     12.79472161976272
0.7872909698996655     10.551701576585339
0.8020066889632109     8.777899636183818
0.8167224080267559     7.6148587287294225
0.8314381270903013     6.9894717410014415
0.8461538461538463     6.823284084104202
0.8608695652173917     7.090815105348107
0.8755852842809366     7.828392438549692
0.8903010033444816     9.120859563827638
0.905016722408027     11.027141923816748
0.919732441471572     13.33377346255859
0.9344481605351174     15.16000012262958
0.9491638795986623     15.269943310642242
0.9638795986622077     13.600129045194617
0.9785953177257527     11.359221611450572
0.9933110367892977     9.489960569772002
1.008026755852843     8.250634906482237
1.022742474916388     7.601572346479152
1.0374581939799334     7.470984589805112
1.0521739130434784     7.839210573505127
1.0668896321070238     8.751015999642037
1.0816053511705688     10.284281592500525
1.0963210702341137     12.411396363327077
1.1110367892976591     14.6481197538397
1.125752508361204     15.814866938501913
1.1404682274247495     15.029471051675115
1.1551839464882945     12.974523554462408
1.1698996655518399     10.898070845368862
1.1846153846153848     9.405464353383778
1.1993311036789298     8.581901472543958
1.2140468227424752     8.373520126655615
1.2287625418060202     8.755255821686942
1.2434782608695656     9.764466795145585
1.2581939799331106     11.451323931525593
1.2729096989966555     13.676009375289635
1.287625418060201     15.709065615966422
1.3023411371237459     16.28057973980479
1.3170568561872913     14.979540927802084
1.3317725752508363     12.879752692194087
1.3464882943143817     11.083233395596736
1.3612040133779266     9.991194049118745
1.3759197324414716     9.63619633750364
1.390635451505017     9.997825703466738
1.405351170568562     11.09693171405728
1.4200668896321074     12.92771174409672
1.4347826086956523     15.177790159429305
1.4494983277591977     16.850939788570486
1.4642140468227427     16.775130955859584
1.4789297658862877     15.134316964040256
1.493645484949833     13.209511475350816
1.508361204013378     11.88020555065313
1.5230769230769234     11.401856776735478
1.5377926421404684     11.80426523726355
1.5525083612040138     13.08416885876468
1.5672240802675588     15.1034260183144
1.5819397993311037     17.21715063298482
1.5966555183946491     18.16737966326994
1.611371237458194     17.314788340022776
1.6260869565217395     15.602397442462733
1.6408026755852845     14.266627487935242
1.6555183946488299     13.875613456636456
1.6702341137123748     14.556275110732953
1.6849498327759198     16.216955583473133
1.6996655518394652     18.344935375131175
1.7143812709030102     19.760970234337428
1.7290969899665556     19.522036968918023
1.7438127090301005     18.272883174890676
1.758528428093646     17.373527554449613
1.773244147157191     17.583402309824983
1.7879598662207359     18.98283700831475
1.8026755852842813     21.00419357594804
1.8173913043478267     22.414814215506652
1.8321070234113712     22.440029148922687
1.8468227424749166     21.940031407176782
1.861538461538462     22.228287259246812
1.8762541806020065     23.679525005921683
1.890969899665552     25.517985531010517
1.9056856187290974     26.592949903788522
1.9204013377926428     26.992836300389552
1.9351170568561873     27.718630425471257
1.9498327759197327     28.742121513054972
1.964548494983278     28.997925825813883
1.9792642140468226     27.932741775147367
1.993979933110368     25.415020904344455
2.0086956521739134     21.480165697374442
2.023411371237459     17.095631242949
2.0381270903010034     13.29637084926704
2.0528428093645488     10.397202465982152
2.067558528428094     8.277703000338114
2.0822742474916387     6.730481630318265
2.096989966555184     5.583595216252135
2.1117056856187295     4.715717631665487
2.126421404682275     4.0449119802961535
2.1411371237458194     3.5160256356844255
2.155852842809365     3.091474166777805
2.1705685618729103     2.745176144470683
2.1852842809364548     2.458671428696749
2.2     2.2186366355003413
